<?xml version="1.0" encoding="UTF-8"?>
<!-- Generated by org.testng.reporters.JUnitReportReporter -->
<testsuite hostname="ojt21-PC" name="DriverFactory.AppTest" tests="1" failures="0" timestamp="23 Oct 2019 09:00:31 GMT" time="70.232" errors="0">
  <testcase name="ERP_Stock" time="70.232" classname="DriverFactory.AppTest"/>
</testsuite> <!-- DriverFactory.AppTest -->
