<?xml version="1.0" encoding="UTF-8"?>
<!-- Generated by org.testng.reporters.JUnitReportReporter -->
<testsuite hostname="system11" name="DriverFactory.DataDrivenFramework" tests="1" failures="0" timestamp="1 Oct 2019 05:16:23 GMT" time="132.837" errors="0">
  <testcase name="suppliercreation" time="132.837" classname="DriverFactory.DataDrivenFramework"/>
</testsuite> <!-- DriverFactory.DataDrivenFramework -->
